<?xml version="1.0" encoding="UTF-8"?>
<coverage generated="1629206005848" clover="3.2.0">
  <project timestamp="1629206005848" name="All files">
    <metrics statements="121" coveredstatements="108" conditionals="73" coveredconditionals="48" methods="22" coveredmethods="20" elements="216" coveredelements="176" complexity="0" loc="121" ncloc="121" packages="1" files="7" classes="7"/>
    <file name="eval.js" path="/home/ot/projects/crisp/src/eval.js">
      <metrics statements="9" coveredstatements="8" conditionals="6" coveredconditionals="5" methods="1" coveredmethods="1"/>
      <line num="4" count="51" type="cond" truecount="2" falsecount="0"/>
      <line num="5" count="1" type="stmt"/>
      <line num="8" count="50" type="stmt"/>
      <line num="9" count="48" type="stmt"/>
      <line num="10" count="48" type="stmt"/>
      <line num="11" count="118" type="cond" truecount="3" falsecount="1"/>
      <line num="12" count="118" type="stmt"/>
      <line num="15" count="0" type="stmt"/>
      <line num="18" count="48" type="stmt"/>
    </file>
    <file name="interpreter.js" path="/home/ot/projects/crisp/src/interpreter.js">
      <metrics statements="29" coveredstatements="28" conditionals="17" coveredconditionals="15" methods="1" coveredmethods="1"/>
      <line num="7" count="28" type="stmt"/>
      <line num="8" count="28" type="stmt"/>
      <line num="9" count="28" type="stmt"/>
      <line num="11" count="28" type="stmt"/>
      <line num="12" count="516" type="stmt"/>
      <line num="13" count="516" type="cond" truecount="5" falsecount="0"/>
      <line num="14" count="325" type="cond" truecount="2" falsecount="0"/>
      <line num="15" count="61" type="stmt"/>
      <line num="16" count="61" type="stmt"/>
      <line num="19" count="264" type="stmt"/>
      <line num="22" count="191" type="cond" truecount="2" falsecount="0"/>
      <line num="23" count="158" type="stmt"/>
      <line num="24" count="158" type="stmt"/>
      <line num="25" count="158" type="stmt"/>
      <line num="27" count="191" type="cond" truecount="2" falsecount="0"/>
      <line num="28" count="52" type="stmt"/>
      <line num="29" count="52" type="stmt"/>
      <line num="30" count="175" type="stmt"/>
      <line num="31" count="175" type="stmt"/>
      <line num="33" count="51" type="stmt"/>
      <line num="36" count="47" type="cond" truecount="1" falsecount="1"/>
      <line num="37" count="47" type="stmt"/>
      <line num="44" count="23" type="stmt"/>
      <line num="45" count="23" type="stmt"/>
      <line num="46" count="11" type="cond" truecount="2" falsecount="0"/>
      <line num="47" count="4" type="stmt"/>
      <line num="51" count="19" type="cond" truecount="1" falsecount="1"/>
      <line num="53" count="19" type="stmt"/>
      <line num="55" count="0" type="stmt"/>
    </file>
    <file name="operators.js" path="/home/ot/projects/crisp/src/operators.js">
      <metrics statements="19" coveredstatements="18" conditionals="12" coveredconditionals="7" methods="8" coveredmethods="8"/>
      <line num="2" count="3" type="stmt"/>
      <line num="4" count="151" type="cond" truecount="2" falsecount="0"/>
      <line num="5" count="137" type="stmt"/>
      <line num="7" count="14" type="cond" truecount="2" falsecount="0"/>
      <line num="8" count="13" type="stmt"/>
      <line num="10" count="1" type="stmt"/>
      <line num="13" count="3" type="stmt"/>
      <line num="15" count="31" type="stmt"/>
      <line num="18" count="25" type="stmt"/>
      <line num="21" count="2" type="stmt"/>
      <line num="24" count="4" type="stmt"/>
      <line num="27" count="14" type="cond" truecount="1" falsecount="1"/>
      <line num="28" count="14" type="stmt"/>
      <line num="31" count="0" type="stmt"/>
      <line num="33" count="14" type="stmt"/>
      <line num="38" count="52" type="cond" truecount="2" falsecount="0"/>
      <line num="39" count="50" type="stmt"/>
      <line num="41" count="2" type="stmt"/>
      <line num="45" count="166" type="stmt"/>
    </file>
    <file name="reduce.js" path="/home/ot/projects/crisp/src/reduce.js">
      <metrics statements="4" coveredstatements="4" conditionals="1" coveredconditionals="0" methods="1" coveredmethods="1"/>
      <line num="3" count="50" type="stmt"/>
      <line num="4" count="50" type="stmt"/>
      <line num="5" count="76" type="stmt"/>
      <line num="7" count="49" type="stmt"/>
    </file>
    <file name="stack.js" path="/home/ot/projects/crisp/src/stack.js">
      <metrics statements="19" coveredstatements="19" conditionals="6" coveredconditionals="6" methods="6" coveredmethods="6"/>
      <line num="3" count="269" type="stmt"/>
      <line num="4" count="269" type="stmt"/>
      <line num="9" count="29" type="stmt"/>
      <line num="12" count="566" type="stmt"/>
      <line num="15" count="269" type="cond" truecount="2" falsecount="0"/>
      <line num="16" count="49" type="stmt"/>
      <line num="17" count="49" type="stmt"/>
      <line num="19" count="220" type="stmt"/>
      <line num="20" count="220" type="stmt"/>
      <line num="21" count="220" type="stmt"/>
      <line num="22" count="220" type="stmt"/>
      <line num="25" count="263" type="cond" truecount="2" falsecount="0"/>
      <line num="26" count="2" type="stmt"/>
      <line num="28" count="261" type="stmt"/>
      <line num="29" count="261" type="stmt"/>
      <line num="30" count="261" type="stmt"/>
      <line num="33" count="3" type="cond" truecount="2" falsecount="0"/>
      <line num="34" count="1" type="stmt"/>
      <line num="36" count="2" type="stmt"/>
    </file>
    <file name="tokenize.js" path="/home/ot/projects/crisp/src/tokenize.js">
      <metrics statements="25" coveredstatements="23" conditionals="17" coveredconditionals="15" methods="1" coveredmethods="1"/>
      <line num="4" count="166" type="cond" truecount="1" falsecount="1"/>
      <line num="5" count="0" type="stmt"/>
      <line num="7" count="166" type="cond" truecount="2" falsecount="0"/>
      <line num="8" count="55" type="stmt"/>
      <line num="11" count="111" type="stmt"/>
      <line num="12" count="111" type="stmt"/>
      <line num="13" count="111" type="stmt"/>
      <line num="14" count="111" type="stmt"/>
      <line num="15" count="111" type="stmt"/>
      <line num="17" count="111" type="cond" truecount="5" falsecount="0"/>
      <line num="18" count="84" type="stmt"/>
      <line num="19" count="84" type="stmt"/>
      <line num="20" count="84" type="cond" truecount="2" falsecount="0"/>
      <line num="21" count="5" type="stmt"/>
      <line num="22" count="5" type="stmt"/>
      <line num="24" count="84" type="stmt"/>
      <line num="25" count="100" type="stmt"/>
      <line num="26" count="100" type="cond" truecount="3" falsecount="1"/>
      <line num="27" count="100" type="stmt"/>
      <line num="28" count="100" type="stmt"/>
      <line num="31" count="0" type="stmt"/>
      <line num="34" count="84" type="cond" truecount="2" falsecount="0"/>
      <line num="35" count="5" type="stmt"/>
      <line num="37" count="79" type="stmt"/>
      <line num="39" count="27" type="stmt"/>
    </file>
    <file name="utils.js" path="/home/ot/projects/crisp/src/utils.js">
      <metrics statements="16" coveredstatements="8" conditionals="14" coveredconditionals="0" methods="4" coveredmethods="2"/>
      <line num="1" count="3" type="stmt"/>
      <line num="2" count="3" type="stmt"/>
      <line num="5" count="0" type="cond" truecount="0" falsecount="4"/>
      <line num="6" count="0" type="stmt"/>
      <line num="8" count="0" type="stmt"/>
      <line num="9" count="0" type="cond" truecount="0" falsecount="2"/>
      <line num="13" count="19" type="stmt"/>
      <line num="16" count="3" type="stmt"/>
      <line num="17" count="3" type="stmt"/>
      <line num="18" count="3" type="stmt"/>
      <line num="19" count="3" type="stmt"/>
      <line num="22" count="0" type="cond" truecount="0" falsecount="4"/>
      <line num="23" count="0" type="stmt"/>
      <line num="25" count="0" type="stmt"/>
      <line num="26" count="0" type="stmt"/>
      <line num="33" count="14" type="stmt"/>
    </file>
  </project>
</coverage>
