{"/home/ot/projects/crisp/src/eval.js": {"path":"/home/ot/projects/crisp/src/eval.js","statementMap":{"0":{"start":{"line":4,"column":4},"end":{"line":6,"column":5}},"1":{"start":{"line":5,"column":8},"end":{"line":5,"column":44}},"2":{"start":{"line":8,"column":22},"end":{"line":8,"column":71}},"3":{"start":{"line":9,"column":19},"end":{"line":9,"column":21}},"4":{"start":{"line":10,"column":4},"end":{"line":17,"column":5}},"5":{"start":{"line":10,"column":16},"end":{"line":10,"column":33}},"6":{"start":{"line":11,"column":8},"end":{"line":16,"column":9}},"7":{"start":{"line":12,"column":12},"end":{"line":12,"column":37}},"8":{"start":{"line":15,"column":12},"end":{"line":15,"column":55}},"9":{"start":{"line":18,"column":4},"end":{"line":18,"column":48}}},"fnMap":{"0":{"name":"lispEval","decl":{"start":{"line":3,"column":16},"end":{"line":3,"column":24}},"loc":{"start":{"line":3,"column":32},"end":{"line":19,"column":1}},"line":3}},"branchMap":{"0":{"loc":{"start":{"line":4,"column":4},"end":{"line":6,"column":5}},"type":"if","locations":[{"start":{"line":4,"column":4},"end":{"line":6,"column":5}},{"start":{"line":4,"column":4},"end":{"line":6,"column":5}}],"line":4},"1":{"loc":{"start":{"line":11,"column":8},"end":{"line":16,"column":9}},"type":"if","locations":[{"start":{"line":11,"column":8},"end":{"line":16,"column":9}},{"start":{"line":11,"column":8},"end":{"line":16,"column":9}}],"line":11},"2":{"loc":{"start":{"line":11,"column":12},"end":{"line":11,"column":73}},"type":"binary-expr","locations":[{"start":{"line":11,"column":12},"end":{"line":11,"column":41}},{"start":{"line":11,"column":45},"end":{"line":11,"column":73}}],"line":11}},"s":{"0":41,"1":1,"2":40,"3":38,"4":38,"5":38,"6":92,"7":92,"8":0,"9":38},"f":{"0":41},"b":{"0":[1,40],"1":[92,0],"2":[92,25]},"_coverageSchema":"1a1c01bbd47fc00a2c39e90264f33305004495a9","hash":"69150c3b93f2ad0dddbab685ee94417eb230993d"}
,"/home/ot/projects/crisp/src/interpreter.js": {"path":"/home/ot/projects/crisp/src/interpreter.js","statementMap":{"0":{"start":{"line":7,"column":14},"end":{"line":7,"column":23}},"1":{"start":{"line":8,"column":8},"end":{"line":8,"column":25}},"2":{"start":{"line":9,"column":13},"end":{"line":9,"column":15}},"3":{"start":{"line":11,"column":2},"end":{"line":41,"column":3}},"4":{"start":{"line":11,"column":15},"end":{"line":11,"column":16}},"5":{"start":{"line":12,"column":22},"end":{"line":12,"column":30}},"6":{"start":{"line":13,"column":4},"end":{"line":40,"column":5}},"7":{"start":{"line":14,"column":6},"end":{"line":20,"column":7}},"8":{"start":{"line":15,"column":8},"end":{"line":15,"column":28}},"9":{"start":{"line":16,"column":8},"end":{"line":16,"column":18}},"10":{"start":{"line":19,"column":8},"end":{"line":19,"column":34}},"11":{"start":{"line":22,"column":6},"end":{"line":26,"column":7}},"12":{"start":{"line":23,"column":8},"end":{"line":23,"column":39}},"13":{"start":{"line":24,"column":8},"end":{"line":24,"column":21}},"14":{"start":{"line":25,"column":8},"end":{"line":25,"column":18}},"15":{"start":{"line":27,"column":6},"end":{"line":39,"column":7}},"16":{"start":{"line":28,"column":21},"end":{"line":28,"column":23}},"17":{"start":{"line":28,"column":39},"end":{"line":28,"column":46}},"18":{"start":{"line":29,"column":8},"end":{"line":32,"column":9}},"19":{"start":{"line":30,"column":10},"end":{"line":30,"column":35}},"20":{"start":{"line":31,"column":10},"end":{"line":31,"column":32}},"21":{"start":{"line":33,"column":20},"end":{"line":33,"column":45}},"22":{"start":{"line":36,"column":8},"end":{"line":38,"column":9}},"23":{"start":{"line":37,"column":10},"end":{"line":37,"column":24}},"24":{"start":{"line":44,"column":15},"end":{"line":44,"column":22}},"25":{"start":{"line":45,"column":2},"end":{"line":49,"column":3}},"26":{"start":{"line":46,"column":4},"end":{"line":48,"column":5}},"27":{"start":{"line":47,"column":6},"end":{"line":47,"column":36}},"28":{"start":{"line":51,"column":2},"end":{"line":54,"column":3}},"29":{"start":{"line":53,"column":4},"end":{"line":53,"column":18}},"30":{"start":{"line":55,"column":2},"end":{"line":55,"column":28}}},"fnMap":{"0":{"name":"lisp","decl":{"start":{"line":6,"column":16},"end":{"line":6,"column":20}},"loc":{"start":{"line":6,"column":27},"end":{"line":56,"column":1}},"line":6}},"branchMap":{"0":{"loc":{"start":{"line":13,"column":4},"end":{"line":40,"column":5}},"type":"if","locations":[{"start":{"line":13,"column":4},"end":{"line":40,"column":5}},{"start":{"line":13,"column":4},"end":{"line":40,"column":5}}],"line":13},"1":{"loc":{"start":{"line":13,"column":8},"end":{"line":13,"column":71}},"type":"binary-expr","locations":[{"start":{"line":13,"column":8},"end":{"line":13,"column":26}},{"start":{"line":13,"column":30},"end":{"line":13,"column":48}},{"start":{"line":13,"column":52},"end":{"line":13,"column":71}}],"line":13},"2":{"loc":{"start":{"line":14,"column":6},"end":{"line":20,"column":7}},"type":"if","locations":[{"start":{"line":14,"column":6},"end":{"line":20,"column":7}},{"start":{"line":14,"column":6},"end":{"line":20,"column":7}}],"line":14},"3":{"loc":{"start":{"line":22,"column":6},"end":{"line":26,"column":7}},"type":"if","locations":[{"start":{"line":22,"column":6},"end":{"line":26,"column":7}},{"start":{"line":22,"column":6},"end":{"line":26,"column":7}}],"line":22},"4":{"loc":{"start":{"line":27,"column":6},"end":{"line":39,"column":7}},"type":"if","locations":[{"start":{"line":27,"column":6},"end":{"line":39,"column":7}},{"start":{"line":27,"column":6},"end":{"line":39,"column":7}}],"line":27},"5":{"loc":{"start":{"line":36,"column":8},"end":{"line":38,"column":9}},"type":"if","locations":[{"start":{"line":36,"column":8},"end":{"line":38,"column":9}},{"start":{"line":36,"column":8},"end":{"line":38,"column":9}}],"line":36},"6":{"loc":{"start":{"line":46,"column":4},"end":{"line":48,"column":5}},"type":"if","locations":[{"start":{"line":46,"column":4},"end":{"line":48,"column":5}},{"start":{"line":46,"column":4},"end":{"line":48,"column":5}}],"line":46},"7":{"loc":{"start":{"line":51,"column":2},"end":{"line":54,"column":3}},"type":"if","locations":[{"start":{"line":51,"column":2},"end":{"line":54,"column":3}},{"start":{"line":51,"column":2},"end":{"line":54,"column":3}}],"line":51}},"s":{"0":24,"1":24,"2":24,"3":24,"4":24,"5":440,"6":440,"7":285,"8":51,"9":51,"10":234,"11":155,"12":128,"13":128,"14":128,"15":155,"16":42,"17":42,"18":42,"19":139,"20":139,"21":41,"22":37,"23":37,"24":19,"25":19,"26":11,"27":4,"28":15,"29":15,"30":0},"f":{"0":24},"b":{"0":[285,155],"1":[440,329,287],"2":[51,234],"3":[128,27],"4":[42,113],"5":[37,0],"6":[4,7],"7":[15,0]},"_coverageSchema":"1a1c01bbd47fc00a2c39e90264f33305004495a9","hash":"02596cfd33bec3695f58f7f6cdb3c9959dea1d7b"}
,"/home/ot/projects/crisp/src/operators.js": {"path":"/home/ot/projects/crisp/src/operators.js","statementMap":{"0":{"start":{"line":2,"column":20},"end":{"line":2,"column":22}},"1":{"start":{"line":4,"column":4},"end":{"line":6,"column":5}},"2":{"start":{"line":5,"column":8},"end":{"line":5,"column":17}},"3":{"start":{"line":7,"column":4},"end":{"line":9,"column":5}},"4":{"start":{"line":8,"column":6},"end":{"line":8,"column":30}},"5":{"start":{"line":10,"column":4},"end":{"line":10,"column":42}},"6":{"start":{"line":13,"column":25},"end":{"line":35,"column":1}},"7":{"start":{"line":15,"column":4},"end":{"line":15,"column":37}},"8":{"start":{"line":18,"column":4},"end":{"line":18,"column":37}},"9":{"start":{"line":21,"column":4},"end":{"line":21,"column":37}},"10":{"start":{"line":24,"column":4},"end":{"line":24,"column":37}},"11":{"start":{"line":27,"column":4},"end":{"line":32,"column":5}},"12":{"start":{"line":28,"column":6},"end":{"line":28,"column":48}},"13":{"start":{"line":31,"column":6},"end":{"line":31,"column":57}},"14":{"start":{"line":33,"column":4},"end":{"line":33,"column":27}},"15":{"start":{"line":38,"column":2},"end":{"line":40,"column":3}},"16":{"start":{"line":39,"column":4},"end":{"line":39,"column":26}},"17":{"start":{"line":41,"column":2},"end":{"line":41,"column":35}}},"fnMap":{"0":{"name":"ifNumber","decl":{"start":{"line":3,"column":9},"end":{"line":3,"column":17}},"loc":{"start":{"line":3,"column":20},"end":{"line":11,"column":1}},"line":3},"1":{"name":"(anonymous_1)","decl":{"start":{"line":14,"column":7},"end":{"line":14,"column":8}},"loc":{"start":{"line":14,"column":27},"end":{"line":16,"column":3}},"line":14},"2":{"name":"(anonymous_2)","decl":{"start":{"line":17,"column":7},"end":{"line":17,"column":8}},"loc":{"start":{"line":17,"column":27},"end":{"line":19,"column":3}},"line":17},"3":{"name":"(anonymous_3)","decl":{"start":{"line":20,"column":7},"end":{"line":20,"column":8}},"loc":{"start":{"line":20,"column":27},"end":{"line":22,"column":3}},"line":20},"4":{"name":"(anonymous_4)","decl":{"start":{"line":23,"column":7},"end":{"line":23,"column":8}},"loc":{"start":{"line":23,"column":27},"end":{"line":25,"column":3}},"line":23},"5":{"name":"(anonymous_5)","decl":{"start":{"line":26,"column":9},"end":{"line":26,"column":10}},"loc":{"start":{"line":26,"column":34},"end":{"line":34,"column":3}},"line":26},"6":{"name":"findOperator","decl":{"start":{"line":37,"column":16},"end":{"line":37,"column":28}},"loc":{"start":{"line":37,"column":34},"end":{"line":42,"column":1}},"line":37}},"branchMap":{"0":{"loc":{"start":{"line":4,"column":4},"end":{"line":6,"column":5}},"type":"if","locations":[{"start":{"line":4,"column":4},"end":{"line":6,"column":5}},{"start":{"line":4,"column":4},"end":{"line":6,"column":5}}],"line":4},"1":{"loc":{"start":{"line":7,"column":4},"end":{"line":9,"column":5}},"type":"if","locations":[{"start":{"line":7,"column":4},"end":{"line":9,"column":5}},{"start":{"line":7,"column":4},"end":{"line":9,"column":5}}],"line":7},"2":{"loc":{"start":{"line":14,"column":20},"end":{"line":14,"column":25}},"type":"default-arg","locations":[{"start":{"line":14,"column":24},"end":{"line":14,"column":25}}],"line":14},"3":{"loc":{"start":{"line":17,"column":20},"end":{"line":17,"column":25}},"type":"default-arg","locations":[{"start":{"line":17,"column":24},"end":{"line":17,"column":25}}],"line":17},"4":{"loc":{"start":{"line":20,"column":20},"end":{"line":20,"column":25}},"type":"default-arg","locations":[{"start":{"line":20,"column":24},"end":{"line":20,"column":25}}],"line":20},"5":{"loc":{"start":{"line":23,"column":20},"end":{"line":23,"column":25}},"type":"default-arg","locations":[{"start":{"line":23,"column":24},"end":{"line":23,"column":25}}],"line":23},"6":{"loc":{"start":{"line":27,"column":4},"end":{"line":32,"column":5}},"type":"if","locations":[{"start":{"line":27,"column":4},"end":{"line":32,"column":5}},{"start":{"line":27,"column":4},"end":{"line":32,"column":5}}],"line":27},"7":{"loc":{"start":{"line":38,"column":2},"end":{"line":40,"column":3}},"type":"if","locations":[{"start":{"line":38,"column":2},"end":{"line":40,"column":3}},{"start":{"line":38,"column":2},"end":{"line":40,"column":3}}],"line":38}},"s":{"0":2,"1":119,"2":105,"3":14,"4":13,"5":1,"6":2,"7":30,"8":13,"9":0,"10":3,"11":14,"12":14,"13":0,"14":14,"15":42,"16":40,"17":2},"f":{"0":119,"1":30,"2":13,"3":0,"4":3,"5":14,"6":42},"b":{"0":[105,14],"1":[13,1],"2":[0],"3":[0],"4":[0],"5":[0],"6":[14,0],"7":[40,2]},"_coverageSchema":"1a1c01bbd47fc00a2c39e90264f33305004495a9","hash":"80922007abf10555669259a0cb3cfebd0d7264a0"}
,"/home/ot/projects/crisp/src/reduce.js": {"path":"/home/ot/projects/crisp/src/reduce.js","statementMap":{"0":{"start":{"line":3,"column":14},"end":{"line":3,"column":21}},"1":{"start":{"line":4,"column":4},"end":{"line":6,"column":5}},"2":{"start":{"line":4,"column":17},"end":{"line":4,"column":18}},"3":{"start":{"line":5,"column":8},"end":{"line":5,"column":30}},"4":{"start":{"line":7,"column":4},"end":{"line":7,"column":15}}},"fnMap":{"0":{"name":"reduce","decl":{"start":{"line":2,"column":16},"end":{"line":2,"column":22}},"loc":{"start":{"line":2,"column":36},"end":{"line":8,"column":1}},"line":2}},"branchMap":{"0":{"loc":{"start":{"line":2,"column":26},"end":{"line":2,"column":35}},"type":"default-arg","locations":[{"start":{"line":2,"column":33},"end":{"line":2,"column":35}}],"line":2}},"s":{"0":40,"1":40,"2":40,"3":60,"4":39},"f":{"0":40},"b":{"0":[0]},"_coverageSchema":"1a1c01bbd47fc00a2c39e90264f33305004495a9","hash":"cbc3e2d952b2a2fbcc9b2c7d08c36a4abac66550"}
,"/home/ot/projects/crisp/src/stack.js": {"path":"/home/ot/projects/crisp/src/stack.js","statementMap":{"0":{"start":{"line":3,"column":4},"end":{"line":3,"column":21}},"1":{"start":{"line":4,"column":4},"end":{"line":4,"column":21}},"2":{"start":{"line":9,"column":4},"end":{"line":9,"column":14}},"3":{"start":{"line":12,"column":4},"end":{"line":12,"column":34}},"4":{"start":{"line":15,"column":4},"end":{"line":18,"column":5}},"5":{"start":{"line":16,"column":6},"end":{"line":16,"column":30}},"6":{"start":{"line":17,"column":6},"end":{"line":17,"column":28}},"7":{"start":{"line":19,"column":21},"end":{"line":19,"column":32}},"8":{"start":{"line":20,"column":4},"end":{"line":20,"column":32}},"9":{"start":{"line":21,"column":4},"end":{"line":21,"column":27}},"10":{"start":{"line":22,"column":4},"end":{"line":22,"column":26}},"11":{"start":{"line":25,"column":4},"end":{"line":27,"column":5}},"12":{"start":{"line":26,"column":6},"end":{"line":26,"column":24}},"13":{"start":{"line":28,"column":17},"end":{"line":28,"column":31}},"14":{"start":{"line":29,"column":4},"end":{"line":29,"column":31}},"15":{"start":{"line":30,"column":4},"end":{"line":30,"column":18}},"16":{"start":{"line":33,"column":4},"end":{"line":35,"column":5}},"17":{"start":{"line":34,"column":6},"end":{"line":34,"column":26}},"18":{"start":{"line":36,"column":4},"end":{"line":36,"column":26}}},"fnMap":{"0":{"name":"(anonymous_0)","decl":{"start":{"line":2,"column":2},"end":{"line":2,"column":3}},"loc":{"start":{"line":2,"column":20},"end":{"line":5,"column":3}},"line":2},"1":{"name":"(anonymous_1)","decl":{"start":{"line":8,"column":2},"end":{"line":8,"column":3}},"loc":{"start":{"line":8,"column":16},"end":{"line":10,"column":3}},"line":8},"2":{"name":"(anonymous_2)","decl":{"start":{"line":11,"column":2},"end":{"line":11,"column":3}},"loc":{"start":{"line":11,"column":12},"end":{"line":13,"column":3}},"line":11},"3":{"name":"(anonymous_3)","decl":{"start":{"line":14,"column":2},"end":{"line":14,"column":3}},"loc":{"start":{"line":14,"column":10},"end":{"line":23,"column":3}},"line":14},"4":{"name":"(anonymous_4)","decl":{"start":{"line":24,"column":2},"end":{"line":24,"column":3}},"loc":{"start":{"line":24,"column":8},"end":{"line":31,"column":3}},"line":24},"5":{"name":"(anonymous_5)","decl":{"start":{"line":32,"column":2},"end":{"line":32,"column":3}},"loc":{"start":{"line":32,"column":9},"end":{"line":37,"column":3}},"line":32}},"branchMap":{"0":{"loc":{"start":{"line":15,"column":4},"end":{"line":18,"column":5}},"type":"if","locations":[{"start":{"line":15,"column":4},"end":{"line":18,"column":5}},{"start":{"line":15,"column":4},"end":{"line":18,"column":5}}],"line":15},"1":{"loc":{"start":{"line":25,"column":4},"end":{"line":27,"column":5}},"type":"if","locations":[{"start":{"line":25,"column":4},"end":{"line":27,"column":5}},{"start":{"line":25,"column":4},"end":{"line":27,"column":5}}],"line":25},"2":{"loc":{"start":{"line":33,"column":4},"end":{"line":35,"column":5}},"type":"if","locations":[{"start":{"line":33,"column":4},"end":{"line":35,"column":5}},{"start":{"line":33,"column":4},"end":{"line":35,"column":5}}],"line":33}},"s":{"0":219,"1":219,"2":25,"3":462,"4":219,"5":41,"6":41,"7":178,"8":178,"9":178,"10":178,"11":213,"12":2,"13":211,"14":211,"15":211,"16":3,"17":1,"18":2},"f":{"0":219,"1":25,"2":462,"3":219,"4":213,"5":3},"b":{"0":[41,178],"1":[2,211],"2":[1,2]},"_coverageSchema":"1a1c01bbd47fc00a2c39e90264f33305004495a9","hash":"596fd076c28e09fcaaaaba848c7f2eb5fd81a262"}
,"/home/ot/projects/crisp/src/tokenize.js": {"path":"/home/ot/projects/crisp/src/tokenize.js","statementMap":{"0":{"start":{"line":3,"column":4},"end":{"line":5,"column":5}},"1":{"start":{"line":4,"column":8},"end":{"line":4,"column":53}},"2":{"start":{"line":7,"column":24},"end":{"line":7,"column":41}},"3":{"start":{"line":8,"column":23},"end":{"line":8,"column":40}},"4":{"start":{"line":9,"column":23},"end":{"line":9,"column":40}},"5":{"start":{"line":10,"column":26},"end":{"line":10,"column":46}},"6":{"start":{"line":11,"column":14},"end":{"line":11,"column":15}},"7":{"start":{"line":13,"column":4},"end":{"line":34,"column":5}},"8":{"start":{"line":14,"column":16},"end":{"line":14,"column":17}},"9":{"start":{"line":15,"column":25},"end":{"line":15,"column":30}},"10":{"start":{"line":16,"column":8},"end":{"line":19,"column":9}},"11":{"start":{"line":17,"column":12},"end":{"line":17,"column":30}},"12":{"start":{"line":18,"column":12},"end":{"line":18,"column":16}},"13":{"start":{"line":20,"column":8},"end":{"line":29,"column":9}},"14":{"start":{"line":21,"column":12},"end":{"line":21,"column":51}},"15":{"start":{"line":22,"column":12},"end":{"line":28,"column":13}},"16":{"start":{"line":23,"column":28},"end":{"line":23,"column":58}},"17":{"start":{"line":24,"column":16},"end":{"line":24,"column":39}},"18":{"start":{"line":27,"column":16},"end":{"line":27,"column":51}},"19":{"start":{"line":30,"column":8},"end":{"line":32,"column":9}},"20":{"start":{"line":31,"column":12},"end":{"line":31,"column":24}},"21":{"start":{"line":33,"column":8},"end":{"line":33,"column":19}},"22":{"start":{"line":35,"column":4},"end":{"line":35,"column":15}}},"fnMap":{"0":{"name":"tokenize","decl":{"start":{"line":2,"column":16},"end":{"line":2,"column":24}},"loc":{"start":{"line":2,"column":29},"end":{"line":36,"column":1}},"line":2}},"branchMap":{"0":{"loc":{"start":{"line":3,"column":4},"end":{"line":5,"column":5}},"type":"if","locations":[{"start":{"line":3,"column":4},"end":{"line":5,"column":5}},{"start":{"line":3,"column":4},"end":{"line":5,"column":5}}],"line":3},"1":{"loc":{"start":{"line":13,"column":4},"end":{"line":34,"column":5}},"type":"if","locations":[{"start":{"line":13,"column":4},"end":{"line":34,"column":5}},{"start":{"line":13,"column":4},"end":{"line":34,"column":5}}],"line":13},"2":{"loc":{"start":{"line":13,"column":7},"end":{"line":13,"column":112}},"type":"binary-expr","locations":[{"start":{"line":13,"column":7},"end":{"line":13,"column":40}},{"start":{"line":13,"column":45},"end":{"line":13,"column":76}},{"start":{"line":13,"column":80},"end":{"line":13,"column":111}}],"line":13},"3":{"loc":{"start":{"line":16,"column":8},"end":{"line":19,"column":9}},"type":"if","locations":[{"start":{"line":16,"column":8},"end":{"line":19,"column":9}},{"start":{"line":16,"column":8},"end":{"line":19,"column":9}}],"line":16},"4":{"loc":{"start":{"line":22,"column":12},"end":{"line":28,"column":13}},"type":"if","locations":[{"start":{"line":22,"column":12},"end":{"line":28,"column":13}},{"start":{"line":22,"column":12},"end":{"line":28,"column":13}}],"line":22},"5":{"loc":{"start":{"line":22,"column":15},"end":{"line":22,"column":81}},"type":"binary-expr","locations":[{"start":{"line":22,"column":15},"end":{"line":22,"column":46}},{"start":{"line":22,"column":50},"end":{"line":22,"column":81}}],"line":22},"6":{"loc":{"start":{"line":30,"column":8},"end":{"line":32,"column":9}},"type":"if","locations":[{"start":{"line":30,"column":8},"end":{"line":32,"column":9}},{"start":{"line":30,"column":8},"end":{"line":32,"column":9}}],"line":30}},"s":{"0":132,"1":0,"2":132,"3":132,"4":132,"5":132,"6":132,"7":132,"8":62,"9":62,"10":62,"11":4,"12":4,"13":62,"14":74,"15":74,"16":74,"17":74,"18":0,"19":62,"20":4,"21":58,"22":70},"f":{"0":132},"b":{"0":[0,132],"1":[62,70],"2":[132,128,97],"3":[4,58],"4":[74,0],"5":[74,74],"6":[4,58]},"_coverageSchema":"1a1c01bbd47fc00a2c39e90264f33305004495a9","hash":"292be9e6be00d17eb6f42347df7afc2ec0859c38"}
,"/home/ot/projects/crisp/src/utils.js": {"path":"/home/ot/projects/crisp/src/utils.js","statementMap":{"0":{"start":{"line":1,"column":21},"end":{"line":1,"column":38}},"1":{"start":{"line":2,"column":21},"end":{"line":2,"column":38}},"2":{"start":{"line":5,"column":2},"end":{"line":7,"column":3}},"3":{"start":{"line":6,"column":4},"end":{"line":6,"column":17}},"4":{"start":{"line":8,"column":17},"end":{"line":8,"column":35}},"5":{"start":{"line":9,"column":2},"end":{"line":9,"column":64}},"6":{"start":{"line":13,"column":2},"end":{"line":13,"column":31}},"7":{"start":{"line":16,"column":18},"end":{"line":16,"column":35}},"8":{"start":{"line":17,"column":18},"end":{"line":17,"column":35}},"9":{"start":{"line":18,"column":18},"end":{"line":18,"column":35}},"10":{"start":{"line":19,"column":18},"end":{"line":19,"column":35}},"11":{"start":{"line":22,"column":2},"end":{"line":24,"column":3}},"12":{"start":{"line":23,"column":4},"end":{"line":23,"column":17}},"13":{"start":{"line":25,"column":17},"end":{"line":25,"column":35}},"14":{"start":{"line":26,"column":2},"end":{"line":29,"column":4}},"15":{"start":{"line":33,"column":2},"end":{"line":33,"column":33}}},"fnMap":{"0":{"name":"isDigit","decl":{"start":{"line":4,"column":16},"end":{"line":4,"column":23}},"loc":{"start":{"line":4,"column":30},"end":{"line":10,"column":1}},"line":4},"1":{"name":"isInteger","decl":{"start":{"line":12,"column":16},"end":{"line":12,"column":25}},"loc":{"start":{"line":12,"column":29},"end":{"line":14,"column":1}},"line":12},"2":{"name":"isAlphabet","decl":{"start":{"line":21,"column":16},"end":{"line":21,"column":26}},"loc":{"start":{"line":21,"column":33},"end":{"line":30,"column":1}},"line":21},"3":{"name":"isString","decl":{"start":{"line":32,"column":16},"end":{"line":32,"column":24}},"loc":{"start":{"line":32,"column":29},"end":{"line":34,"column":1}},"line":32}},"branchMap":{"0":{"loc":{"start":{"line":5,"column":2},"end":{"line":7,"column":3}},"type":"if","locations":[{"start":{"line":5,"column":2},"end":{"line":7,"column":3}},{"start":{"line":5,"column":2},"end":{"line":7,"column":3}}],"line":5},"1":{"loc":{"start":{"line":5,"column":6},"end":{"line":5,"column":49}},"type":"binary-expr","locations":[{"start":{"line":5,"column":6},"end":{"line":5,"column":29}},{"start":{"line":5,"column":33},"end":{"line":5,"column":49}}],"line":5},"2":{"loc":{"start":{"line":9,"column":10},"end":{"line":9,"column":62}},"type":"binary-expr","locations":[{"start":{"line":9,"column":10},"end":{"line":9,"column":34}},{"start":{"line":9,"column":38},"end":{"line":9,"column":62}}],"line":9},"3":{"loc":{"start":{"line":22,"column":2},"end":{"line":24,"column":3}},"type":"if","locations":[{"start":{"line":22,"column":2},"end":{"line":24,"column":3}},{"start":{"line":22,"column":2},"end":{"line":24,"column":3}}],"line":22},"4":{"loc":{"start":{"line":22,"column":6},"end":{"line":22,"column":49}},"type":"binary-expr","locations":[{"start":{"line":22,"column":6},"end":{"line":22,"column":29}},{"start":{"line":22,"column":33},"end":{"line":22,"column":49}}],"line":22},"5":{"loc":{"start":{"line":27,"column":4},"end":{"line":28,"column":52}},"type":"binary-expr","locations":[{"start":{"line":27,"column":5},"end":{"line":27,"column":26}},{"start":{"line":27,"column":30},"end":{"line":27,"column":51}},{"start":{"line":28,"column":5},"end":{"line":28,"column":26}},{"start":{"line":28,"column":30},"end":{"line":28,"column":51}}],"line":27}},"s":{"0":2,"1":2,"2":0,"3":0,"4":0,"5":0,"6":15,"7":2,"8":2,"9":2,"10":2,"11":0,"12":0,"13":0,"14":0,"15":14},"f":{"0":0,"1":15,"2":0,"3":14},"b":{"0":[0,0],"1":[0,0],"2":[0,0],"3":[0,0],"4":[0,0],"5":[0,0,0,0]},"_coverageSchema":"1a1c01bbd47fc00a2c39e90264f33305004495a9","hash":"ec067d49c3e0bb7977b17748803c267d39aa661b"}
}
