TN:
SF:src/eval.js
FN:3,lispEval
FNF:1
FNH:1
FNDA:41,lispEval
DA:4,41
DA:5,1
DA:8,40
DA:9,38
DA:10,38
DA:11,92
DA:12,92
DA:15,0
DA:18,38
LF:9
LH:8
BRDA:4,0,0,1
BRDA:4,0,1,40
BRDA:11,1,0,92
BRDA:11,1,1,0
BRDA:11,2,0,92
BRDA:11,2,1,25
BRF:6
BRH:5
end_of_record
TN:
SF:src/interpreter.js
FN:6,lisp
FNF:1
FNH:1
FNDA:24,lisp
DA:7,24
DA:8,24
DA:9,24
DA:11,24
DA:12,440
DA:13,440
DA:14,285
DA:15,51
DA:16,51
DA:19,234
DA:22,155
DA:23,128
DA:24,128
DA:25,128
DA:27,155
DA:28,42
DA:29,42
DA:30,139
DA:31,139
DA:33,41
DA:36,37
DA:37,37
DA:44,19
DA:45,19
DA:46,11
DA:47,4
DA:51,15
DA:53,15
DA:55,0
LF:29
LH:28
BRDA:13,0,0,285
BRDA:13,0,1,155
BRDA:13,1,0,440
BRDA:13,1,1,329
BRDA:13,1,2,287
BRDA:14,2,0,51
BRDA:14,2,1,234
BRDA:22,3,0,128
BRDA:22,3,1,27
BRDA:27,4,0,42
BRDA:27,4,1,113
BRDA:36,5,0,37
BRDA:36,5,1,0
BRDA:46,6,0,4
BRDA:46,6,1,7
BRDA:51,7,0,15
BRDA:51,7,1,0
BRF:17
BRH:15
end_of_record
TN:
SF:src/operators.js
FN:3,ifNumber
FN:14,(anonymous_1)
FN:17,(anonymous_2)
FN:20,(anonymous_3)
FN:23,(anonymous_4)
FN:26,(anonymous_5)
FN:37,findOperator
FNF:7
FNH:6
FNDA:119,ifNumber
FNDA:30,(anonymous_1)
FNDA:13,(anonymous_2)
FNDA:0,(anonymous_3)
FNDA:3,(anonymous_4)
FNDA:14,(anonymous_5)
FNDA:42,findOperator
DA:2,2
DA:4,119
DA:5,105
DA:7,14
DA:8,13
DA:10,1
DA:13,2
DA:15,30
DA:18,13
DA:21,0
DA:24,3
DA:27,14
DA:28,14
DA:31,0
DA:33,14
DA:38,42
DA:39,40
DA:41,2
LF:18
LH:16
BRDA:4,0,0,105
BRDA:4,0,1,14
BRDA:7,1,0,13
BRDA:7,1,1,1
BRDA:14,2,0,0
BRDA:17,3,0,0
BRDA:20,4,0,0
BRDA:23,5,0,0
BRDA:27,6,0,14
BRDA:27,6,1,0
BRDA:38,7,0,40
BRDA:38,7,1,2
BRF:12
BRH:7
end_of_record
TN:
SF:src/reduce.js
FN:2,reduce
FNF:1
FNH:1
FNDA:40,reduce
DA:3,40
DA:4,40
DA:5,60
DA:7,39
LF:4
LH:4
BRDA:2,0,0,0
BRF:1
BRH:0
end_of_record
TN:
SF:src/stack.js
FN:2,(anonymous_0)
FN:8,(anonymous_1)
FN:11,(anonymous_2)
FN:14,(anonymous_3)
FN:24,(anonymous_4)
FN:32,(anonymous_5)
FNF:6
FNH:6
FNDA:219,(anonymous_0)
FNDA:25,(anonymous_1)
FNDA:462,(anonymous_2)
FNDA:219,(anonymous_3)
FNDA:213,(anonymous_4)
FNDA:3,(anonymous_5)
DA:3,219
DA:4,219
DA:9,25
DA:12,462
DA:15,219
DA:16,41
DA:17,41
DA:19,178
DA:20,178
DA:21,178
DA:22,178
DA:25,213
DA:26,2
DA:28,211
DA:29,211
DA:30,211
DA:33,3
DA:34,1
DA:36,2
LF:19
LH:19
BRDA:15,0,0,41
BRDA:15,0,1,178
BRDA:25,1,0,2
BRDA:25,1,1,211
BRDA:33,2,0,1
BRDA:33,2,1,2
BRF:6
BRH:6
end_of_record
TN:
SF:src/tokenize.js
FN:2,tokenize
FNF:1
FNH:1
FNDA:132,tokenize
DA:3,132
DA:4,0
DA:7,132
DA:8,132
DA:9,132
DA:10,132
DA:11,132
DA:13,132
DA:14,62
DA:15,62
DA:16,62
DA:17,4
DA:18,4
DA:20,62
DA:21,74
DA:22,74
DA:23,74
DA:24,74
DA:27,0
DA:30,62
DA:31,4
DA:33,58
DA:35,70
LF:23
LH:21
BRDA:3,0,0,0
BRDA:3,0,1,132
BRDA:13,1,0,62
BRDA:13,1,1,70
BRDA:13,2,0,132
BRDA:13,2,1,128
BRDA:13,2,2,97
BRDA:16,3,0,4
BRDA:16,3,1,58
BRDA:22,4,0,74
BRDA:22,4,1,0
BRDA:22,5,0,74
BRDA:22,5,1,74
BRDA:30,6,0,4
BRDA:30,6,1,58
BRF:15
BRH:13
end_of_record
TN:
SF:src/utils.js
FN:4,isDigit
FN:12,isInteger
FN:21,isAlphabet
FN:32,isString
FNF:4
FNH:2
FNDA:0,isDigit
FNDA:15,isInteger
FNDA:0,isAlphabet
FNDA:14,isString
DA:1,2
DA:2,2
DA:5,0
DA:6,0
DA:8,0
DA:9,0
DA:13,15
DA:16,2
DA:17,2
DA:18,2
DA:19,2
DA:22,0
DA:23,0
DA:25,0
DA:26,0
DA:33,14
LF:16
LH:8
BRDA:5,0,0,0
BRDA:5,0,1,0
BRDA:5,1,0,0
BRDA:5,1,1,0
BRDA:9,2,0,0
BRDA:9,2,1,0
BRDA:22,3,0,0
BRDA:22,3,1,0
BRDA:22,4,0,0
BRDA:22,4,1,0
BRDA:27,5,0,0
BRDA:27,5,1,0
BRDA:27,5,2,0
BRDA:27,5,3,0
BRF:14
BRH:0
end_of_record
