TN:
SF:src/eval.js
FN:3,lispEval
FNF:1
FNH:1
FNDA:51,lispEval
DA:4,51
DA:5,1
DA:8,50
DA:9,48
DA:10,48
DA:11,118
DA:12,118
DA:15,0
DA:18,48
LF:9
LH:8
BRDA:4,0,0,1
BRDA:4,0,1,50
BRDA:11,1,0,118
BRDA:11,1,1,0
BRDA:11,2,0,118
BRDA:11,2,1,25
BRF:6
BRH:5
end_of_record
TN:
SF:src/interpreter.js
FN:6,lisp
FNF:1
FNH:1
FNDA:28,lisp
DA:7,28
DA:8,28
DA:9,28
DA:11,28
DA:12,516
DA:13,516
DA:14,325
DA:15,61
DA:16,61
DA:19,264
DA:22,191
DA:23,158
DA:24,158
DA:25,158
DA:27,191
DA:28,52
DA:29,52
DA:30,175
DA:31,175
DA:33,51
DA:36,47
DA:37,47
DA:44,23
DA:45,23
DA:46,11
DA:47,4
DA:51,19
DA:53,19
DA:55,0
LF:29
LH:28
BRDA:13,0,0,325
BRDA:13,0,1,191
BRDA:13,1,0,516
BRDA:13,1,1,379
BRDA:13,1,2,327
BRDA:14,2,0,61
BRDA:14,2,1,264
BRDA:22,3,0,158
BRDA:22,3,1,33
BRDA:27,4,0,52
BRDA:27,4,1,139
BRDA:36,5,0,47
BRDA:36,5,1,0
BRDA:46,6,0,4
BRDA:46,6,1,7
BRDA:51,7,0,19
BRDA:51,7,1,0
BRF:17
BRH:15
end_of_record
TN:
SF:src/operators.js
FN:3,ifNumber
FN:14,(anonymous_1)
FN:17,(anonymous_2)
FN:20,(anonymous_3)
FN:23,(anonymous_4)
FN:26,(anonymous_5)
FN:37,findOperator
FN:44,isOperator
FNF:8
FNH:8
FNDA:151,ifNumber
FNDA:31,(anonymous_1)
FNDA:25,(anonymous_2)
FNDA:2,(anonymous_3)
FNDA:4,(anonymous_4)
FNDA:14,(anonymous_5)
FNDA:52,findOperator
FNDA:166,isOperator
DA:2,3
DA:4,151
DA:5,137
DA:7,14
DA:8,13
DA:10,1
DA:13,3
DA:15,31
DA:18,25
DA:21,2
DA:24,4
DA:27,14
DA:28,14
DA:31,0
DA:33,14
DA:38,52
DA:39,50
DA:41,2
DA:45,166
LF:19
LH:18
BRDA:4,0,0,137
BRDA:4,0,1,14
BRDA:7,1,0,13
BRDA:7,1,1,1
BRDA:14,2,0,0
BRDA:17,3,0,0
BRDA:20,4,0,0
BRDA:23,5,0,0
BRDA:27,6,0,14
BRDA:27,6,1,0
BRDA:38,7,0,50
BRDA:38,7,1,2
BRF:12
BRH:7
end_of_record
TN:
SF:src/reduce.js
FN:2,reduce
FNF:1
FNH:1
FNDA:50,reduce
DA:3,50
DA:4,50
DA:5,76
DA:7,49
LF:4
LH:4
BRDA:2,0,0,0
BRF:1
BRH:0
end_of_record
TN:
SF:src/stack.js
FN:2,(anonymous_0)
FN:8,(anonymous_1)
FN:11,(anonymous_2)
FN:14,(anonymous_3)
FN:24,(anonymous_4)
FN:32,(anonymous_5)
FNF:6
FNH:6
FNDA:269,(anonymous_0)
FNDA:29,(anonymous_1)
FNDA:566,(anonymous_2)
FNDA:269,(anonymous_3)
FNDA:263,(anonymous_4)
FNDA:3,(anonymous_5)
DA:3,269
DA:4,269
DA:9,29
DA:12,566
DA:15,269
DA:16,49
DA:17,49
DA:19,220
DA:20,220
DA:21,220
DA:22,220
DA:25,263
DA:26,2
DA:28,261
DA:29,261
DA:30,261
DA:33,3
DA:34,1
DA:36,2
LF:19
LH:19
BRDA:15,0,0,49
BRDA:15,0,1,220
BRDA:25,1,0,2
BRDA:25,1,1,261
BRDA:33,2,0,1
BRDA:33,2,1,2
BRF:6
BRH:6
end_of_record
TN:
SF:src/tokenize.js
FN:3,tokenize
FNF:1
FNH:1
FNDA:166,tokenize
DA:4,166
DA:5,0
DA:7,166
DA:8,55
DA:11,111
DA:12,111
DA:13,111
DA:14,111
DA:15,111
DA:17,111
DA:18,84
DA:19,84
DA:20,84
DA:21,5
DA:22,5
DA:24,84
DA:25,100
DA:26,100
DA:27,100
DA:28,100
DA:31,0
DA:34,84
DA:35,5
DA:37,79
DA:39,27
LF:25
LH:23
BRDA:4,0,0,0
BRDA:4,0,1,166
BRDA:7,1,0,55
BRDA:7,1,1,111
BRDA:17,2,0,84
BRDA:17,2,1,27
BRDA:17,3,0,111
BRDA:17,3,1,106
BRDA:17,3,2,103
BRDA:20,4,0,5
BRDA:20,4,1,79
BRDA:26,5,0,100
BRDA:26,5,1,0
BRDA:26,6,0,100
BRDA:26,6,1,100
BRDA:34,7,0,5
BRDA:34,7,1,79
BRF:17
BRH:15
end_of_record
TN:
SF:src/utils.js
FN:4,isDigit
FN:12,isInteger
FN:21,isAlphabet
FN:32,isString
FNF:4
FNH:2
FNDA:0,isDigit
FNDA:19,isInteger
FNDA:0,isAlphabet
FNDA:14,isString
DA:1,3
DA:2,3
DA:5,0
DA:6,0
DA:8,0
DA:9,0
DA:13,19
DA:16,3
DA:17,3
DA:18,3
DA:19,3
DA:22,0
DA:23,0
DA:25,0
DA:26,0
DA:33,14
LF:16
LH:8
BRDA:5,0,0,0
BRDA:5,0,1,0
BRDA:5,1,0,0
BRDA:5,1,1,0
BRDA:9,2,0,0
BRDA:9,2,1,0
BRDA:22,3,0,0
BRDA:22,3,1,0
BRDA:22,4,0,0
BRDA:22,4,1,0
BRDA:27,5,0,0
BRDA:27,5,1,0
BRDA:27,5,2,0
BRDA:27,5,3,0
BRF:14
BRH:0
end_of_record
